<?xml version="1.0" encoding="UTF-8"?>
<testng-results skipped="0" failed="0" ignored="0" total="1" passed="1">
  <reporter-output>
  </reporter-output>
  <suite name="Default suite" duration-ms="86544" started-at="2020-08-22T18:02:33Z" finished-at="2020-08-22T18:03:59Z">
    <groups>
    </groups>
    <test name="Default test" duration-ms="86544" started-at="2020-08-22T18:02:33Z" finished-at="2020-08-22T18:03:59Z">
      <class name="com.ijmeet.testcases.LoginPageTest">
        <test-method status="PASS" signature="baseTest()[pri:0, instance:com.ijmeet.testcases.LoginPageTest@4dfa3a9d]" name="baseTest" is-config="true" duration-ms="79730" started-at="2020-08-22T18:02:33Z" finished-at="2020-08-22T18:03:53Z">
          <reporter-output>
          </reporter-output>
        </test-method> <!-- baseTest -->
        <test-method status="PASS" signature="tc_001()[pri:0, instance:com.ijmeet.testcases.LoginPageTest@4dfa3a9d]" name="tc_001" duration-ms="4092" started-at="2020-08-22T18:03:53Z" finished-at="2020-08-22T18:03:57Z">
          <reporter-output>
          </reporter-output>
        </test-method> <!-- tc_001 -->
        <test-method status="PASS" signature="closeDriver()[pri:0, instance:com.ijmeet.testcases.LoginPageTest@4dfa3a9d]" name="closeDriver" is-config="true" duration-ms="1288" started-at="2020-08-22T18:03:58Z" finished-at="2020-08-22T18:03:59Z">
          <reporter-output>
          </reporter-output>
        </test-method> <!-- closeDriver -->
      </class> <!-- com.ijmeet.testcases.LoginPageTest -->
    </test> <!-- Default test -->
  </suite> <!-- Default suite -->
</testng-results>
